# JRE version: Java(TM) SE Runtime Environment (21.0+35) (build 21+35-LTS-2513)
# Java VM: Java HotSpot(TM) 64-Bit Server VM (21+35-LTS-2513, mixed mode, sharing, tiered, compressed oops, compressed class ptrs, g1 gc, windows-amd64)
GC Precious Log:
 CardTable entry size: 512
 Card Set container configuration: InlinePtr #cards 5 size 8 Array Of Cards #cards 12 size 40 Howl #buckets 4 coarsen threshold 1843 Howl Bitmap #cards 512 size 80 coarsen threshold 460 Card regions per heap region 1 cards per card region 2048
 CPUs: 4 total, 4 available
 Memory: 4007M
 Large Page Support: Disabled
 NUMA Support: Disabled
 Compressed Oops: Enabled (32-bit)
 Heap Region Size: 1M
 Heap Min Capacity: 8M
 Heap Initial Capacity: 64M
 Heap Max Capacity: 1002M
 Pre-touch: Disabled
 Parallel Workers: 4
 Concurrent Workers: 1
 Concurrent Refinement Workers: 4
 Periodic GC: Disabled
Heap:
 garbage-first heap   total 71680K, used 51388K [0x00000000c1600000, 0x0000000100000000)
  region size 1024K, 14 young (14336K), 2 survivors (2048K)
 Metaspace       used 65782K, committed 66432K, reserved 1114112K
  class space    used 8923K, committed 9216K, reserved 1048576K
GC Heap History (20 events):
Event: 25.628 GC heap before
{Heap before GC invocations=8 (full 0):
 garbage-first heap   total 65536K, used 53101K [0x00000000c1600000, 0x0000000100000000)
  region size 1024K, 33 young (33792K), 4 survivors (4096K)
 Metaspace       used 27045K, committed 27456K, reserved 1114112K
  class space    used 3287K, committed 3456K, reserved 1048576K
}
Event: 25.636 GC heap after
{Heap after GC invocations=9 (full 0):
 garbage-first heap   total 65536K, used 24357K [0x00000000c1600000, 0x0000000100000000)
  region size 1024K, 3 young (3072K), 3 survivors (3072K)
 Metaspace       used 27045K, committed 27456K, reserved 1114112K
  class space    used 3287K, committed 3456K, reserved 1048576K
}
Event: 28.395 GC heap before
{Heap before GC invocations=9 (full 0):
 garbage-first heap   total 65536K, used 53029K [0x00000000c1600000, 0x0000000100000000)
  region size 1024K, 31 young (31744K), 3 survivors (3072K)
 Metaspace       used 30990K, committed 31424K, reserved 1114112K
  class space    used 3936K, committed 4096K, reserved 1048576K
}
Event: 28.404 GC heap after
{Heap after GC invocations=10 (full 0):
 garbage-first heap   total 65536K, used 26025K [0x00000000c1600000, 0x0000000100000000)
  region size 1024K, 2 young (2048K), 2 survivors (2048K)
 Metaspace       used 30990K, committed 31424K, reserved 1114112K
  class space    used 3936K, committed 4096K, reserved 1048576K
}
Event: 31.396 GC heap before
{Heap before GC invocations=10 (full 0):
 garbage-first heap   total 65536K, used 55721K [0x00000000c1600000, 0x0000000100000000)
  region size 1024K, 31 young (31744K), 2 survivors (2048K)
 Metaspace       used 34544K, committed 35008K, reserved 1114112K
  class space    used 4519K, committed 4736K, reserved 1048576K
}
Event: 31.404 GC heap after
{Heap after GC invocations=11 (full 0):
 garbage-first heap   total 65536K, used 28786K [0x00000000c1600000, 0x0000000100000000)
  region size 1024K, 4 young (4096K), 4 survivors (4096K)
 Metaspace       used 34544K, committed 35008K, reserved 1114112K
  class space    used 4519K, committed 4736K, reserved 1048576K
}
Event: 31.793 GC heap before
{Heap before GC invocations=11 (full 0):
 garbage-first heap   total 65536K, used 32882K [0x00000000c1600000, 0x0000000100000000)
  region size 1024K, 9 young (9216K), 4 survivors (4096K)
 Metaspace       used 35657K, committed 36096K, reserved 1114112K
  class space    used 4623K, committed 4800K, reserved 1048576K
}
Event: 31.801 GC heap after
{Heap after GC invocations=12 (full 0):
 garbage-first heap   total 65536K, used 30032K [0x00000000c1600000, 0x0000000100000000)
  region size 1024K, 1 young (1024K), 1 survivors (1024K)
 Metaspace       used 35657K, committed 36096K, reserved 1114112K
  class space    used 4623K, committed 4800K, reserved 1048576K
}
Event: 33.539 GC heap before
{Heap before GC invocations=13 (full 0):
 garbage-first heap   total 65536K, used 60752K [0x00000000c1600000, 0x0000000100000000)
  region size 1024K, 27 young (27648K), 1 survivors (1024K)
 Metaspace       used 36481K, committed 37056K, reserved 1114112K
  class space    used 4716K, committed 4992K, reserved 1048576K
}
Event: 33.545 GC heap after
{Heap after GC invocations=14 (full 0):
 garbage-first heap   total 66560K, used 33591K [0x00000000c1600000, 0x0000000100000000)
  region size 1024K, 4 young (4096K), 4 survivors (4096K)
 Metaspace       used 36481K, committed 37056K, reserved 1114112K
  class space    used 4716K, committed 4992K, reserved 1048576K
}
Event: 38.387 GC heap before
{Heap before GC invocations=14 (full 0):
 garbage-first heap   total 66560K, used 57143K [0x00000000c1600000, 0x0000000100000000)
  region size 1024K, 27 young (27648K), 4 survivors (4096K)
 Metaspace       used 40578K, committed 41152K, reserved 1114112K
  class space    used 5258K, committed 5504K, reserved 1048576K
}
Event: 38.398 GC heap after
{Heap after GC invocations=15 (full 0):
 garbage-first heap   total 66560K, used 35169K [0x00000000c1600000, 0x0000000100000000)
  region size 1024K, 2 young (2048K), 2 survivors (2048K)
 Metaspace       used 40578K, committed 41152K, reserved 1114112K
  class space    used 5258K, committed 5504K, reserved 1048576K
}
Event: 42.660 GC heap before
{Heap before GC invocations=15 (full 0):
 garbage-first heap   total 66560K, used 56673K [0x00000000c1600000, 0x0000000100000000)
  region size 1024K, 24 young (24576K), 2 survivors (2048K)
 Metaspace       used 46136K, committed 46720K, reserved 1114112K
  class space    used 6165K, committed 6400K, reserved 1048576K
}
Event: 42.669 GC heap after
{Heap after GC invocations=16 (full 0):
 garbage-first heap   total 66560K, used 36679K [0x00000000c1600000, 0x0000000100000000)
  region size 1024K, 2 young (2048K), 2 survivors (2048K)
 Metaspace       used 46136K, committed 46720K, reserved 1114112K
  class space    used 6165K, committed 6400K, reserved 1048576K
}
Event: 45.397 GC heap before
{Heap before GC invocations=17 (full 0):
 garbage-first heap   total 66560K, used 57159K [0x00000000c1600000, 0x0000000100000000)
  region size 1024K, 23 young (23552K), 2 survivors (2048K)
 Metaspace       used 52411K, committed 53120K, reserved 1114112K
  class space    used 6952K, committed 7296K, reserved 1048576K
}
Event: 45.403 GC heap after
{Heap after GC invocations=18 (full 0):
 garbage-first heap   total 66560K, used 38912K [0x00000000c1600000, 0x0000000100000000)
  region size 1024K, 3 young (3072K), 3 survivors (3072K)
 Metaspace       used 52411K, committed 53120K, reserved 1114112K
  class space    used 6952K, committed 7296K, reserved 1048576K
}
Event: 47.114 GC heap before
{Heap before GC invocations=18 (full 0):
 garbage-first heap   total 66560K, used 58368K [0x00000000c1600000, 0x0000000100000000)
  region size 1024K, 23 young (23552K), 3 survivors (3072K)
 Metaspace       used 58259K, committed 58880K, reserved 1114112K
  class space    used 7784K, committed 8064K, reserved 1048576K
}
Event: 47.122 GC heap after
{Heap after GC invocations=19 (full 0):
 garbage-first heap   total 66560K, used 39442K [0x00000000c1600000, 0x0000000100000000)
  region size 1024K, 1 young (1024K), 1 survivors (1024K)
 Metaspace       used 58259K, committed 58880K, reserved 1114112K
  class space    used 7784K, committed 8064K, reserved 1048576K
}
Event: 49.650 GC heap before
{Heap before GC invocations=19 (full 0):
 garbage-first heap   total 66560K, used 58898K [0x00000000c1600000, 0x0000000100000000)
  region size 1024K, 21 young (21504K), 1 survivors (1024K)
 Metaspace       used 64249K, committed 64960K, reserved 1114112K
  class space    used 8698K, committed 9024K, reserved 1048576K
}
Event: 49.655 GC heap after
{Heap after GC invocations=20 (full 0):
 garbage-first heap   total 66560K, used 40124K [0x00000000c1600000, 0x0000000100000000)
  region size 1024K, 2 young (2048K), 2 survivors (2048K)
 Metaspace       used 64249K, committed 64960K, reserved 1114112K
  class space    used 8698K, committed 9024K, reserved 1048576K
}

