# JRE version: Java(TM) SE Runtime Environment (21.0+35) (build 21+35-LTS-2513)
# Java VM: Java HotSpot(TM) 64-Bit Server VM (21+35-LTS-2513, mixed mode, sharing, tiered, compressed oops, compressed class ptrs, g1 gc, windows-amd64)
GC Precious Log:
 CardTable entry size: 512
 Card Set container configuration: InlinePtr #cards 5 size 8 Array Of Cards #cards 12 size 40 Howl #buckets 4 coarsen threshold 1843 Howl Bitmap #cards 512 size 80 coarsen threshold 460 Card regions per heap region 1 cards per card region 2048
 CPUs: 4 total, 4 available
 Memory: 4007M
 Large Page Support: Disabled
 NUMA Support: Disabled
 Compressed Oops: Enabled (32-bit)
 Heap Region Size: 1M
 Heap Min Capacity: 8M
 Heap Initial Capacity: 64M
 Heap Max Capacity: 1002M
 Pre-touch: Disabled
 Parallel Workers: 4
 Concurrent Workers: 1
 Concurrent Refinement Workers: 4
 Periodic GC: Disabled
Heap:
 garbage-first heap   total 137216K, used 78078K [0x00000000c1600000, 0x0000000100000000)
  region size 1024K, 36 young (36864K), 1 survivors (1024K)
 Metaspace       used 89398K, committed 90112K, reserved 1179648K
  class space    used 11937K, committed 12288K, reserved 1048576K
GC Heap History (20 events):
Event: 12789.795 GC heap before
{Heap before GC invocations=173 (full 0):
 garbage-first heap   total 137216K, used 49128K [0x00000000c1600000, 0x0000000100000000)
  region size 1024K, 7 young (7168K), 2 survivors (2048K)
 Metaspace       used 89268K, committed 90048K, reserved 1179648K
  class space    used 11934K, committed 12288K, reserved 1048576K
}
Event: 12789.865 GC heap after
{Heap after GC invocations=174 (full 0):
 garbage-first heap   total 137216K, used 43599K [0x00000000c1600000, 0x0000000100000000)
  region size 1024K, 1 young (1024K), 1 survivors (1024K)
 Metaspace       used 89268K, committed 90048K, reserved 1179648K
  class space    used 11934K, committed 12288K, reserved 1048576K
}
Event: 13165.908 GC heap before
{Heap before GC invocations=174 (full 0):
 garbage-first heap   total 137216K, used 124495K [0x00000000c1600000, 0x0000000100000000)
  region size 1024K, 80 young (81920K), 1 survivors (1024K)
 Metaspace       used 89274K, committed 90048K, reserved 1179648K
  class space    used 11934K, committed 12288K, reserved 1048576K
}
Event: 13166.313 GC heap after
{Heap after GC invocations=175 (full 0):
 garbage-first heap   total 137216K, used 43790K [0x00000000c1600000, 0x0000000100000000)
  region size 1024K, 1 young (1024K), 1 survivors (1024K)
 Metaspace       used 89274K, committed 90048K, reserved 1179648K
  class space    used 11934K, committed 12288K, reserved 1048576K
}
Event: 13188.210 GC heap before
{Heap before GC invocations=176 (full 0):
 garbage-first heap   total 137216K, used 48910K [0x00000000c1600000, 0x0000000100000000)
  region size 1024K, 6 young (6144K), 1 survivors (1024K)
 Metaspace       used 89274K, committed 90048K, reserved 1179648K
  class space    used 11934K, committed 12288K, reserved 1048576K
}
Event: 13188.218 GC heap after
{Heap after GC invocations=177 (full 0):
 garbage-first heap   total 137216K, used 43815K [0x00000000c1600000, 0x0000000100000000)
  region size 1024K, 1 young (1024K), 1 survivors (1024K)
 Metaspace       used 89274K, committed 90048K, reserved 1179648K
  class space    used 11934K, committed 12288K, reserved 1048576K
}
Event: 13566.260 GC heap before
{Heap before GC invocations=177 (full 0):
 garbage-first heap   total 137216K, used 124711K [0x00000000c1600000, 0x0000000100000000)
  region size 1024K, 80 young (81920K), 1 survivors (1024K)
 Metaspace       used 89298K, committed 90048K, reserved 1179648K
  class space    used 11934K, committed 12288K, reserved 1048576K
}
Event: 13566.536 GC heap after
{Heap after GC invocations=178 (full 0):
 garbage-first heap   total 137216K, used 43428K [0x00000000c1600000, 0x0000000100000000)
  region size 1024K, 1 young (1024K), 1 survivors (1024K)
 Metaspace       used 89298K, committed 90048K, reserved 1179648K
  class space    used 11934K, committed 12288K, reserved 1048576K
}
Event: 13933.517 GC heap before
{Heap before GC invocations=178 (full 0):
 garbage-first heap   total 137216K, used 124324K [0x00000000c1600000, 0x0000000100000000)
  region size 1024K, 80 young (81920K), 1 survivors (1024K)
 Metaspace       used 89323K, committed 90112K, reserved 1179648K
  class space    used 11938K, committed 12288K, reserved 1048576K
}
Event: 13933.854 GC heap after
{Heap after GC invocations=179 (full 0):
 garbage-first heap   total 137216K, used 43748K [0x00000000c1600000, 0x0000000100000000)
  region size 1024K, 1 young (1024K), 1 survivors (1024K)
 Metaspace       used 89323K, committed 90112K, reserved 1179648K
  class space    used 11938K, committed 12288K, reserved 1048576K
}
Event: 14311.115 GC heap before
{Heap before GC invocations=180 (full 0):
 garbage-first heap   total 137216K, used 124644K [0x00000000c1600000, 0x0000000100000000)
  region size 1024K, 80 young (81920K), 1 survivors (1024K)
 Metaspace       used 89347K, committed 90112K, reserved 1179648K
  class space    used 11937K, committed 12288K, reserved 1048576K
}
Event: 14311.262 GC heap after
{Heap after GC invocations=181 (full 0):
 garbage-first heap   total 137216K, used 43873K [0x00000000c1600000, 0x0000000100000000)
  region size 1024K, 2 young (2048K), 2 survivors (2048K)
 Metaspace       used 89347K, committed 90112K, reserved 1179648K
  class space    used 11937K, committed 12288K, reserved 1048576K
}
Event: 14739.487 GC heap before
{Heap before GC invocations=181 (full 0):
 garbage-first heap   total 137216K, used 123745K [0x00000000c1600000, 0x0000000100000000)
  region size 1024K, 80 young (81920K), 2 survivors (2048K)
 Metaspace       used 89367K, committed 90112K, reserved 1179648K
  class space    used 11937K, committed 12288K, reserved 1048576K
}
Event: 14739.698 GC heap after
{Heap after GC invocations=182 (full 0):
 garbage-first heap   total 137216K, used 43583K [0x00000000c1600000, 0x0000000100000000)
  region size 1024K, 2 young (2048K), 2 survivors (2048K)
 Metaspace       used 89367K, committed 90112K, reserved 1179648K
  class space    used 11937K, committed 12288K, reserved 1048576K
}
Event: 15148.491 GC heap before
{Heap before GC invocations=182 (full 0):
 garbage-first heap   total 137216K, used 123455K [0x00000000c1600000, 0x0000000100000000)
  region size 1024K, 80 young (81920K), 2 survivors (2048K)
 Metaspace       used 89382K, committed 90112K, reserved 1179648K
  class space    used 11937K, committed 12288K, reserved 1048576K
}
Event: 15148.861 GC heap after
{Heap after GC invocations=183 (full 0):
 garbage-first heap   total 137216K, used 43465K [0x00000000c1600000, 0x0000000100000000)
  region size 1024K, 1 young (1024K), 1 survivors (1024K)
 Metaspace       used 89382K, committed 90112K, reserved 1179648K
  class space    used 11937K, committed 12288K, reserved 1048576K
}
Event: 15173.143 GC heap before
{Heap before GC invocations=184 (full 0):
 garbage-first heap   total 137216K, used 48585K [0x00000000c1600000, 0x0000000100000000)
  region size 1024K, 6 young (6144K), 1 survivors (1024K)
 Metaspace       used 89386K, committed 90112K, reserved 1179648K
  class space    used 11937K, committed 12288K, reserved 1048576K
}
Event: 15173.157 GC heap after
{Heap after GC invocations=185 (full 0):
 garbage-first heap   total 137216K, used 43476K [0x00000000c1600000, 0x0000000100000000)
  region size 1024K, 1 young (1024K), 1 survivors (1024K)
 Metaspace       used 89386K, committed 90112K, reserved 1179648K
  class space    used 11937K, committed 12288K, reserved 1048576K
}
Event: 15195.804 GC heap before
{Heap before GC invocations=185 (full 0):
 garbage-first heap   total 137216K, used 48596K [0x00000000c1600000, 0x0000000100000000)
  region size 1024K, 6 young (6144K), 1 survivors (1024K)
 Metaspace       used 89386K, committed 90112K, reserved 1179648K
  class space    used 11937K, committed 12288K, reserved 1048576K
}
Event: 15195.856 GC heap after
{Heap after GC invocations=186 (full 0):
 garbage-first heap   total 137216K, used 43262K [0x00000000c1600000, 0x0000000100000000)
  region size 1024K, 1 young (1024K), 1 survivors (1024K)
 Metaspace       used 89386K, committed 90112K, reserved 1179648K
  class space    used 11937K, committed 12288K, reserved 1048576K
}

