# JRE version: Java(TM) SE Runtime Environment (21.0+35) (build 21+35-LTS-2513)
# Java VM: Java HotSpot(TM) 64-Bit Server VM (21+35-LTS-2513, mixed mode, sharing, tiered, compressed oops, compressed class ptrs, g1 gc, windows-amd64)
GC Precious Log:
 CardTable entry size: 512
 Card Set container configuration: InlinePtr #cards 5 size 8 Array Of Cards #cards 12 size 40 Howl #buckets 4 coarsen threshold 1843 Howl Bitmap #cards 512 size 80 coarsen threshold 460 Card regions per heap region 1 cards per card region 2048
 CPUs: 4 total, 4 available
 Memory: 4007M
 Large Page Support: Disabled
 NUMA Support: Disabled
 Compressed Oops: Enabled (32-bit)
 Heap Region Size: 1M
 Heap Min Capacity: 8M
 Heap Initial Capacity: 64M
 Heap Max Capacity: 1002M
 Pre-touch: Disabled
 Parallel Workers: 4
 Concurrent Workers: 1
 Concurrent Refinement Workers: 4
 Periodic GC: Disabled
Heap:
 garbage-first heap   total 65536K, used 48959K [0x00000000c1600000, 0x0000000100000000)
  region size 1024K, 29 young (29696K), 3 survivors (3072K)
 Metaspace       used 31006K, committed 31488K, reserved 1114112K
  class space    used 3944K, committed 4160K, reserved 1048576K
GC Heap History (14 events):
Event: 1.909 GC heap before
{Heap before GC invocations=0 (full 0):
 garbage-first heap   total 65536K, used 16384K [0x00000000c1600000, 0x0000000100000000)
  region size 1024K, 13 young (13312K), 0 survivors (0K)
 Metaspace       used 2206K, committed 2368K, reserved 1114112K
  class space    used 176K, committed 256K, reserved 1048576K
}
Event: 1.922 GC heap after
{Heap after GC invocations=1 (full 0):
 garbage-first heap   total 65536K, used 9472K [0x00000000c1600000, 0x0000000100000000)
  region size 1024K, 2 young (2048K), 2 survivors (2048K)
 Metaspace       used 2206K, committed 2368K, reserved 1114112K
  class space    used 176K, committed 256K, reserved 1048576K
}
Event: 2.562 GC heap before
{Heap before GC invocations=1 (full 0):
 garbage-first heap   total 65536K, used 18688K [0x00000000c1600000, 0x0000000100000000)
  region size 1024K, 11 young (11264K), 2 survivors (2048K)
 Metaspace       used 3327K, committed 3520K, reserved 1114112K
  class space    used 321K, committed 448K, reserved 1048576K
}
Event: 2.571 GC heap after
{Heap after GC invocations=2 (full 0):
 garbage-first heap   total 65536K, used 13984K [0x00000000c1600000, 0x0000000100000000)
  region size 1024K, 2 young (2048K), 2 survivors (2048K)
 Metaspace       used 3327K, committed 3520K, reserved 1114112K
  class space    used 321K, committed 448K, reserved 1048576K
}
Event: 4.325 GC heap before
{Heap before GC invocations=2 (full 0):
 garbage-first heap   total 65536K, used 36512K [0x00000000c1600000, 0x0000000100000000)
  region size 1024K, 21 young (21504K), 2 survivors (2048K)
 Metaspace       used 6857K, committed 7040K, reserved 1114112K
  class space    used 729K, committed 832K, reserved 1048576K
}
Event: 4.338 GC heap after
{Heap after GC invocations=3 (full 0):
 garbage-first heap   total 65536K, used 16848K [0x00000000c1600000, 0x0000000100000000)
  region size 1024K, 3 young (3072K), 3 survivors (3072K)
 Metaspace       used 6857K, committed 7040K, reserved 1114112K
  class space    used 729K, committed 832K, reserved 1048576K
}
Event: 6.603 GC heap before
{Heap before GC invocations=3 (full 0):
 garbage-first heap   total 65536K, used 44496K [0x00000000c1600000, 0x0000000100000000)
  region size 1024K, 31 young (31744K), 3 survivors (3072K)
 Metaspace       used 13614K, committed 14016K, reserved 1114112K
  class space    used 1548K, committed 1728K, reserved 1048576K
}
Event: 6.610 GC heap after
{Heap after GC invocations=4 (full 0):
 garbage-first heap   total 65536K, used 17404K [0x00000000c1600000, 0x0000000100000000)
  region size 1024K, 3 young (3072K), 3 survivors (3072K)
 Metaspace       used 13614K, committed 14016K, reserved 1114112K
  class space    used 1548K, committed 1728K, reserved 1048576K
}
Event: 12.887 GC heap before
{Heap before GC invocations=4 (full 0):
 garbage-first heap   total 65536K, used 47100K [0x00000000c1600000, 0x0000000100000000)
  region size 1024K, 33 young (33792K), 3 survivors (3072K)
 Metaspace       used 21103K, committed 21504K, reserved 1114112K
  class space    used 2575K, committed 2752K, reserved 1048576K
}
Event: 12.898 GC heap after
{Heap after GC invocations=5 (full 0):
 garbage-first heap   total 65536K, used 19316K [0x00000000c1600000, 0x0000000100000000)
  region size 1024K, 5 young (5120K), 5 survivors (5120K)
 Metaspace       used 21103K, committed 21504K, reserved 1114112K
  class space    used 2575K, committed 2752K, reserved 1048576K
}
Event: 14.864 GC heap before
{Heap before GC invocations=6 (full 0):
 garbage-first heap   total 65536K, used 50036K [0x00000000c1600000, 0x0000000100000000)
  region size 1024K, 35 young (35840K), 5 survivors (5120K)
 Metaspace       used 25393K, committed 25792K, reserved 1114112K
  class space    used 3076K, committed 3264K, reserved 1048576K
}
Event: 14.875 GC heap after
{Heap after GC invocations=7 (full 0):
 garbage-first heap   total 65536K, used 22184K [0x00000000c1600000, 0x0000000100000000)
  region size 1024K, 5 young (5120K), 5 survivors (5120K)
 Metaspace       used 25393K, committed 25792K, reserved 1114112K
  class space    used 3076K, committed 3264K, reserved 1048576K
}
Event: 16.798 GC heap before
{Heap before GC invocations=7 (full 0):
 garbage-first heap   total 65536K, used 52904K [0x00000000c1600000, 0x0000000100000000)
  region size 1024K, 35 young (35840K), 5 survivors (5120K)
 Metaspace       used 27477K, committed 27904K, reserved 1114112K
  class space    used 3339K, committed 3520K, reserved 1048576K
}
Event: 16.809 GC heap after
{Heap after GC invocations=8 (full 0):
 garbage-first heap   total 65536K, used 23359K [0x00000000c1600000, 0x0000000100000000)
  region size 1024K, 3 young (3072K), 3 survivors (3072K)
 Metaspace       used 27477K, committed 27904K, reserved 1114112K
  class space    used 3339K, committed 3520K, reserved 1048576K
}

