# JRE version: Java(TM) SE Runtime Environment (21.0+35) (build 21+35-LTS-2513)
# Java VM: Java HotSpot(TM) 64-Bit Server VM (21+35-LTS-2513, mixed mode, sharing, tiered, compressed oops, compressed class ptrs, g1 gc, windows-amd64)
GC Precious Log:
 CardTable entry size: 512
 Card Set container configuration: InlinePtr #cards 5 size 8 Array Of Cards #cards 12 size 40 Howl #buckets 4 coarsen threshold 1843 Howl Bitmap #cards 512 size 80 coarsen threshold 460 Card regions per heap region 1 cards per card region 2048
 CPUs: 4 total, 4 available
 Memory: 4007M
 Large Page Support: Disabled
 NUMA Support: Disabled
 Compressed Oops: Enabled (32-bit)
 Heap Region Size: 1M
 Heap Min Capacity: 8M
 Heap Initial Capacity: 64M
 Heap Max Capacity: 1002M
 Pre-touch: Disabled
 Parallel Workers: 4
 Concurrent Workers: 1
 Concurrent Refinement Workers: 4
 Periodic GC: Disabled
Heap:
 garbage-first heap   total 115712K, used 36864K [0x00000000c1600000, 0x0000000100000000)
  region size 1024K, 1 young (1024K), 1 survivors (1024K)
 Metaspace       used 68072K, committed 68672K, reserved 1114112K
  class space    used 8534K, committed 8832K, reserved 1048576K
GC Heap History (20 events):
Event: 19845.234 GC heap after
{Heap after GC invocations=117 (full 0):
 garbage-first heap   total 115712K, used 35507K [0x00000000c1600000, 0x0000000100000000)
  region size 1024K, 1 young (1024K), 1 survivors (1024K)
 Metaspace       used 65103K, committed 65920K, reserved 1114112K
  class space    used 8062K, committed 8576K, reserved 1048576K
}
Event: 19882.302 GC heap before
{Heap before GC invocations=118 (full 0):
 garbage-first heap   total 115712K, used 39603K [0x00000000c1600000, 0x0000000100000000)
  region size 1024K, 5 young (5120K), 1 survivors (1024K)
 Metaspace       used 65104K, committed 65920K, reserved 1114112K
  class space    used 8062K, committed 8576K, reserved 1048576K
}
Event: 19882.365 GC heap after
{Heap after GC invocations=119 (full 0):
 garbage-first heap   total 115712K, used 35518K [0x00000000c1600000, 0x0000000100000000)
  region size 1024K, 1 young (1024K), 1 survivors (1024K)
 Metaspace       used 65104K, committed 65920K, reserved 1114112K
  class space    used 8062K, committed 8576K, reserved 1048576K
}
Event: 19926.434 GC heap before
{Heap before GC invocations=119 (full 0):
 garbage-first heap   total 115712K, used 39614K [0x00000000c1600000, 0x0000000100000000)
  region size 1024K, 5 young (5120K), 1 survivors (1024K)
 Metaspace       used 65112K, committed 65920K, reserved 1114112K
  class space    used 8062K, committed 8576K, reserved 1048576K
}
Event: 19926.975 GC heap after
{Heap after GC invocations=120 (full 0):
 garbage-first heap   total 115712K, used 35438K [0x00000000c1600000, 0x0000000100000000)
  region size 1024K, 1 young (1024K), 1 survivors (1024K)
 Metaspace       used 65112K, committed 65920K, reserved 1114112K
  class space    used 8062K, committed 8576K, reserved 1048576K
}
Event: 20649.020 GC heap before
{Heap before GC invocations=120 (full 0):
 garbage-first heap   total 115712K, used 101998K [0x00000000c1600000, 0x0000000100000000)
  region size 1024K, 67 young (68608K), 1 survivors (1024K)
 Metaspace       used 65124K, committed 65920K, reserved 1114112K
  class space    used 8062K, committed 8576K, reserved 1048576K
}
Event: 20649.312 GC heap after
{Heap after GC invocations=121 (full 0):
 garbage-first heap   total 115712K, used 35725K [0x00000000c1600000, 0x0000000100000000)
  region size 1024K, 1 young (1024K), 1 survivors (1024K)
 Metaspace       used 65124K, committed 65920K, reserved 1114112K
  class space    used 8062K, committed 8576K, reserved 1048576K
}
Event: 20686.329 GC heap before
{Heap before GC invocations=122 (full 0):
 garbage-first heap   total 115712K, used 39821K [0x00000000c1600000, 0x0000000100000000)
  region size 1024K, 5 young (5120K), 1 survivors (1024K)
 Metaspace       used 65124K, committed 65920K, reserved 1114112K
  class space    used 8062K, committed 8576K, reserved 1048576K
}
Event: 20686.352 GC heap after
{Heap after GC invocations=123 (full 0):
 garbage-first heap   total 115712K, used 35697K [0x00000000c1600000, 0x0000000100000000)
  region size 1024K, 1 young (1024K), 1 survivors (1024K)
 Metaspace       used 65124K, committed 65920K, reserved 1114112K
  class space    used 8062K, committed 8576K, reserved 1048576K
}
Event: 20733.245 GC heap before
{Heap before GC invocations=123 (full 0):
 garbage-first heap   total 115712K, used 39793K [0x00000000c1600000, 0x0000000100000000)
  region size 1024K, 5 young (5120K), 1 survivors (1024K)
 Metaspace       used 65124K, committed 65920K, reserved 1114112K
  class space    used 8062K, committed 8576K, reserved 1048576K
}
Event: 20733.502 GC heap after
{Heap after GC invocations=124 (full 0):
 garbage-first heap   total 115712K, used 35406K [0x00000000c1600000, 0x0000000100000000)
  region size 1024K, 1 young (1024K), 1 survivors (1024K)
 Metaspace       used 65124K, committed 65920K, reserved 1114112K
  class space    used 8062K, committed 8576K, reserved 1048576K
}
Event: 21491.375 GC heap before
{Heap before GC invocations=124 (full 0):
 garbage-first heap   total 115712K, used 101966K [0x00000000c1600000, 0x0000000100000000)
  region size 1024K, 67 young (68608K), 1 survivors (1024K)
 Metaspace       used 65150K, committed 65984K, reserved 1114112K
  class space    used 8062K, committed 8576K, reserved 1048576K
}
Event: 21491.834 GC heap after
{Heap after GC invocations=125 (full 0):
 garbage-first heap   total 115712K, used 35490K [0x00000000c1600000, 0x0000000100000000)
  region size 1024K, 1 young (1024K), 1 survivors (1024K)
 Metaspace       used 65150K, committed 65984K, reserved 1114112K
  class space    used 8062K, committed 8576K, reserved 1048576K
}
Event: 21544.098 GC heap before
{Heap before GC invocations=126 (full 0):
 garbage-first heap   total 115712K, used 39586K [0x00000000c1600000, 0x0000000100000000)
  region size 1024K, 5 young (5120K), 1 survivors (1024K)
 Metaspace       used 65152K, committed 65984K, reserved 1114112K
  class space    used 8062K, committed 8576K, reserved 1048576K
}
Event: 21544.258 GC heap after
{Heap after GC invocations=127 (full 0):
 garbage-first heap   total 115712K, used 35500K [0x00000000c1600000, 0x0000000100000000)
  region size 1024K, 1 young (1024K), 1 survivors (1024K)
 Metaspace       used 65152K, committed 65984K, reserved 1114112K
  class space    used 8062K, committed 8576K, reserved 1048576K
}
Event: 21588.858 GC heap before
{Heap before GC invocations=127 (full 0):
 garbage-first heap   total 115712K, used 38572K [0x00000000c1600000, 0x0000000100000000)
  region size 1024K, 5 young (5120K), 1 survivors (1024K)
 Metaspace       used 65152K, committed 65984K, reserved 1114112K
  class space    used 8062K, committed 8576K, reserved 1048576K
}
Event: 21589.528 GC heap after
{Heap after GC invocations=128 (full 0):
 garbage-first heap   total 115712K, used 35213K [0x00000000c1600000, 0x0000000100000000)
  region size 1024K, 1 young (1024K), 1 survivors (1024K)
 Metaspace       used 65152K, committed 65984K, reserved 1114112K
  class space    used 8062K, committed 8576K, reserved 1048576K
}
Event: 22183.702 GC heap before
{Heap before GC invocations=128 (full 0):
 garbage-first heap   total 115712K, used 101773K [0x00000000c1600000, 0x0000000100000000)
  region size 1024K, 67 young (68608K), 1 survivors (1024K)
 Metaspace       used 68072K, committed 68672K, reserved 1114112K
  class space    used 8534K, committed 8832K, reserved 1048576K
}
Event: 22184.071 GC heap after
{Heap after GC invocations=129 (full 0):
 garbage-first heap   total 115712K, used 36668K [0x00000000c1600000, 0x0000000100000000)
  region size 1024K, 2 young (2048K), 2 survivors (2048K)
 Metaspace       used 68072K, committed 68672K, reserved 1114112K
  class space    used 8534K, committed 8832K, reserved 1048576K
}
Event: 22215.032 GC heap before
{Heap before GC invocations=130 (full 0):
 garbage-first heap   total 115712K, used 38716K [0x00000000c1600000, 0x0000000100000000)
  region size 1024K, 5 young (5120K), 2 survivors (2048K)
 Metaspace       used 68072K, committed 68672K, reserved 1114112K
  class space    used 8534K, committed 8832K, reserved 1048576K
}

