# JRE version: Java(TM) SE Runtime Environment (21.0+35) (build 21+35-LTS-2513)
# Java VM: Java HotSpot(TM) 64-Bit Server VM (21+35-LTS-2513, mixed mode, sharing, tiered, compressed oops, compressed class ptrs, g1 gc, windows-amd64)
GC Precious Log:
 CardTable entry size: 512
 Card Set container configuration: InlinePtr #cards 5 size 8 Array Of Cards #cards 12 size 40 Howl #buckets 4 coarsen threshold 1843 Howl Bitmap #cards 512 size 80 coarsen threshold 460 Card regions per heap region 1 cards per card region 2048
 CPUs: 4 total, 4 available
 Memory: 4007M
 Large Page Support: Disabled
 NUMA Support: Disabled
 Compressed Oops: Enabled (32-bit)
 Heap Region Size: 1M
 Heap Min Capacity: 8M
 Heap Initial Capacity: 64M
 Heap Max Capacity: 1002M
 Pre-touch: Disabled
 Parallel Workers: 4
 Concurrent Workers: 1
 Concurrent Refinement Workers: 4
 Periodic GC: Disabled
Heap:
 garbage-first heap   total 65536K, used 29892K [0x00000000c1600000, 0x0000000100000000)
  region size 1024K, 16 young (16384K), 3 survivors (3072K)
 Metaspace       used 17134K, committed 17472K, reserved 1114112K
  class space    used 2023K, committed 2176K, reserved 1048576K
GC Heap History (8 events):
Event: 2.580 GC heap before
{Heap before GC invocations=0 (full 0):
 garbage-first heap   total 65536K, used 16384K [0x00000000c1600000, 0x0000000100000000)
  region size 1024K, 13 young (13312K), 0 survivors (0K)
 Metaspace       used 2181K, committed 2368K, reserved 1114112K
  class space    used 172K, committed 256K, reserved 1048576K
}
Event: 2.596 GC heap after
{Heap after GC invocations=1 (full 0):
 garbage-first heap   total 65536K, used 9536K [0x00000000c1600000, 0x0000000100000000)
  region size 1024K, 2 young (2048K), 2 survivors (2048K)
 Metaspace       used 2181K, committed 2368K, reserved 1114112K
  class space    used 172K, committed 256K, reserved 1048576K
}
Event: 3.309 GC heap before
{Heap before GC invocations=1 (full 0):
 garbage-first heap   total 65536K, used 18752K [0x00000000c1600000, 0x0000000100000000)
  region size 1024K, 11 young (11264K), 2 survivors (2048K)
 Metaspace       used 3348K, committed 3520K, reserved 1114112K
  class space    used 321K, committed 448K, reserved 1048576K
}
Event: 3.319 GC heap after
{Heap after GC invocations=2 (full 0):
 garbage-first heap   total 65536K, used 13976K [0x00000000c1600000, 0x0000000100000000)
  region size 1024K, 2 young (2048K), 2 survivors (2048K)
 Metaspace       used 3348K, committed 3520K, reserved 1114112K
  class space    used 321K, committed 448K, reserved 1048576K
}
Event: 4.736 GC heap before
{Heap before GC invocations=2 (full 0):
 garbage-first heap   total 65536K, used 36504K [0x00000000c1600000, 0x0000000100000000)
  region size 1024K, 21 young (21504K), 2 survivors (2048K)
 Metaspace       used 6858K, committed 7040K, reserved 1114112K
  class space    used 733K, committed 832K, reserved 1048576K
}
Event: 4.748 GC heap after
{Heap after GC invocations=3 (full 0):
 garbage-first heap   total 65536K, used 17039K [0x00000000c1600000, 0x0000000100000000)
  region size 1024K, 3 young (3072K), 3 survivors (3072K)
 Metaspace       used 6858K, committed 7040K, reserved 1114112K
  class space    used 733K, committed 832K, reserved 1048576K
}
Event: 6.923 GC heap before
{Heap before GC invocations=3 (full 0):
 garbage-first heap   total 65536K, used 45711K [0x00000000c1600000, 0x0000000100000000)
  region size 1024K, 32 young (32768K), 3 survivors (3072K)
 Metaspace       used 13990K, committed 14400K, reserved 1114112K
  class space    used 1582K, committed 1792K, reserved 1048576K
}
Event: 6.931 GC heap after
{Heap after GC invocations=4 (full 0):
 garbage-first heap   total 65536K, used 17604K [0x00000000c1600000, 0x0000000100000000)
  region size 1024K, 3 young (3072K), 3 survivors (3072K)
 Metaspace       used 13990K, committed 14400K, reserved 1114112K
  class space    used 1582K, committed 1792K, reserved 1048576K
}

