# JRE version: Java(TM) SE Runtime Environment (21.0+35) (build 21+35-LTS-2513)
# Java VM: Java HotSpot(TM) 64-Bit Server VM (21+35-LTS-2513, mixed mode, sharing, tiered, compressed oops, compressed class ptrs, g1 gc, windows-amd64)
GC Precious Log:
 CardTable entry size: 512
 Card Set container configuration: InlinePtr #cards 5 size 8 Array Of Cards #cards 12 size 40 Howl #buckets 4 coarsen threshold 1843 Howl Bitmap #cards 512 size 80 coarsen threshold 460 Card regions per heap region 1 cards per card region 2048
 CPUs: 4 total, 4 available
 Memory: 4007M
 Large Page Support: Disabled
 NUMA Support: Disabled
 Compressed Oops: Enabled (32-bit)
 Heap Region Size: 1M
 Heap Min Capacity: 8M
 Heap Initial Capacity: 64M
 Heap Max Capacity: 1002M
 Pre-touch: Disabled
 Parallel Workers: 4
 Concurrent Workers: 1
 Concurrent Refinement Workers: 4
 Periodic GC: Disabled
Heap:
 garbage-first heap   total 83968K, used 50677K [0x00000000c1600000, 0x0000000100000000)
  region size 1024K, 8 young (8192K), 4 survivors (4096K)
 Metaspace       used 74855K, committed 75712K, reserved 1114112K
  class space    used 10273K, committed 10688K, reserved 1048576K
GC Heap History (20 events):
Event: 15.632 GC heap before
{Heap before GC invocations=9 (full 0):
 garbage-first heap   total 65536K, used 54767K [0x00000000c1600000, 0x0000000100000000)
  region size 1024K, 31 young (31744K), 2 survivors (2048K)
 Metaspace       used 35216K, committed 35712K, reserved 1114112K
  class space    used 4589K, committed 4800K, reserved 1048576K
}
Event: 15.642 GC heap after
{Heap after GC invocations=10 (full 0):
 garbage-first heap   total 65536K, used 28031K [0x00000000c1600000, 0x0000000100000000)
  region size 1024K, 4 young (4096K), 4 survivors (4096K)
 Metaspace       used 35216K, committed 35712K, reserved 1114112K
  class space    used 4589K, committed 4800K, reserved 1048576K
}
Event: 15.674 GC heap before
{Heap before GC invocations=10 (full 0):
 garbage-first heap   total 65536K, used 28031K [0x00000000c1600000, 0x0000000100000000)
  region size 1024K, 5 young (5120K), 4 survivors (4096K)
 Metaspace       used 35507K, committed 35968K, reserved 1114112K
  class space    used 4609K, committed 4800K, reserved 1048576K
}
Event: 15.680 GC heap after
{Heap after GC invocations=11 (full 0):
 garbage-first heap   total 65536K, used 28918K [0x00000000c1600000, 0x0000000100000000)
  region size 1024K, 1 young (1024K), 1 survivors (1024K)
 Metaspace       used 35507K, committed 35968K, reserved 1114112K
  class space    used 4609K, committed 4800K, reserved 1048576K
}
Event: 16.170 GC heap before
{Heap before GC invocations=12 (full 0):
 garbage-first heap   total 65536K, used 61686K [0x00000000c1600000, 0x0000000100000000)
  region size 1024K, 28 young (28672K), 1 survivors (1024K)
 Metaspace       used 36456K, committed 36992K, reserved 1114112K
  class space    used 4711K, committed 4928K, reserved 1048576K
}
Event: 16.176 GC heap after
{Heap after GC invocations=13 (full 0):
 garbage-first heap   total 66560K, used 32466K [0x00000000c1600000, 0x0000000100000000)
  region size 1024K, 4 young (4096K), 4 survivors (4096K)
 Metaspace       used 36456K, committed 36992K, reserved 1114112K
  class space    used 4711K, committed 4928K, reserved 1048576K
}
Event: 17.535 GC heap before
{Heap before GC invocations=13 (full 0):
 garbage-first heap   total 66560K, used 57042K [0x00000000c1600000, 0x0000000100000000)
  region size 1024K, 28 young (28672K), 4 survivors (4096K)
 Metaspace       used 40827K, committed 41408K, reserved 1114112K
  class space    used 5292K, committed 5568K, reserved 1048576K
}
Event: 17.545 GC heap after
{Heap after GC invocations=14 (full 0):
 garbage-first heap   total 79872K, used 34277K [0x00000000c1600000, 0x0000000100000000)
  region size 1024K, 3 young (3072K), 3 survivors (3072K)
 Metaspace       used 40827K, committed 41408K, reserved 1114112K
  class space    used 5292K, committed 5568K, reserved 1048576K
}
Event: 19.780 GC heap before
{Heap before GC invocations=14 (full 0):
 garbage-first heap   total 79872K, used 68069K [0x00000000c1600000, 0x0000000100000000)
  region size 1024K, 36 young (36864K), 3 survivors (3072K)
 Metaspace       used 49925K, committed 50496K, reserved 1114112K
  class space    used 6590K, committed 6848K, reserved 1048576K
}
Event: 19.787 GC heap after
{Heap after GC invocations=15 (full 0):
 garbage-first heap   total 79872K, used 37017K [0x00000000c1600000, 0x0000000100000000)
  region size 1024K, 5 young (5120K), 5 survivors (5120K)
 Metaspace       used 49925K, committed 50496K, reserved 1114112K
  class space    used 6590K, committed 6848K, reserved 1048576K
}
Event: 21.626 GC heap before
{Heap before GC invocations=15 (full 0):
 garbage-first heap   total 79872K, used 68761K [0x00000000c1600000, 0x0000000100000000)
  region size 1024K, 36 young (36864K), 5 survivors (5120K)
 Metaspace       used 59209K, committed 59904K, reserved 1114112K
  class space    used 7852K, committed 8192K, reserved 1048576K
}
Event: 21.635 GC heap after
{Heap after GC invocations=16 (full 0):
 garbage-first heap   total 79872K, used 38646K [0x00000000c1600000, 0x0000000100000000)
  region size 1024K, 2 young (2048K), 2 survivors (2048K)
 Metaspace       used 59209K, committed 59904K, reserved 1114112K
  class space    used 7852K, committed 8192K, reserved 1048576K
}
Event: 21.737 GC heap before
{Heap before GC invocations=16 (full 0):
 garbage-first heap   total 79872K, used 40694K [0x00000000c1600000, 0x0000000100000000)
  region size 1024K, 5 young (5120K), 2 survivors (2048K)
 Metaspace       used 59785K, committed 60416K, reserved 1114112K
  class space    used 7957K, committed 8256K, reserved 1048576K
}
Event: 21.742 GC heap after
{Heap after GC invocations=17 (full 0):
 garbage-first heap   total 79872K, used 38527K [0x00000000c1600000, 0x0000000100000000)
  region size 1024K, 2 young (2048K), 2 survivors (2048K)
 Metaspace       used 59785K, committed 60416K, reserved 1114112K
  class space    used 7957K, committed 8256K, reserved 1048576K
}
Event: 25.547 GC heap before
{Heap before GC invocations=18 (full 0):
 garbage-first heap   total 79872K, used 71295K [0x00000000c1600000, 0x0000000100000000)
  region size 1024K, 34 young (34816K), 2 survivors (2048K)
 Metaspace       used 66481K, committed 67200K, reserved 1114112K
  class space    used 9037K, committed 9344K, reserved 1048576K
}
Event: 25.554 GC heap after
{Heap after GC invocations=19 (full 0):
 garbage-first heap   total 79872K, used 41074K [0x00000000c1600000, 0x0000000100000000)
  region size 1024K, 5 young (5120K), 5 survivors (5120K)
 Metaspace       used 66481K, committed 67200K, reserved 1114112K
  class space    used 9037K, committed 9344K, reserved 1048576K
}
Event: 26.929 GC heap before
{Heap before GC invocations=19 (full 0):
 garbage-first heap   total 79872K, used 68722K [0x00000000c1600000, 0x0000000100000000)
  region size 1024K, 32 young (32768K), 5 survivors (5120K)
 Metaspace       used 70047K, committed 70784K, reserved 1114112K
  class space    used 9578K, committed 9920K, reserved 1048576K
}
Event: 26.942 GC heap after
{Heap after GC invocations=20 (full 0):
 garbage-first heap   total 79872K, used 43796K [0x00000000c1600000, 0x0000000100000000)
  region size 1024K, 4 young (4096K), 4 survivors (4096K)
 Metaspace       used 70047K, committed 70784K, reserved 1114112K
  class space    used 9578K, committed 9920K, reserved 1048576K
}
Event: 28.248 GC heap before
{Heap before GC invocations=20 (full 0):
 garbage-first heap   total 79872K, used 69396K [0x00000000c1600000, 0x0000000100000000)
  region size 1024K, 29 young (29696K), 4 survivors (4096K)
 Metaspace       used 74201K, committed 75136K, reserved 1114112K
  class space    used 10142K, committed 10560K, reserved 1048576K
}
Event: 28.258 GC heap after
{Heap after GC invocations=21 (full 0):
 garbage-first heap   total 79872K, used 47605K [0x00000000c1600000, 0x0000000100000000)
  region size 1024K, 4 young (4096K), 4 survivors (4096K)
 Metaspace       used 74201K, committed 75136K, reserved 1114112K
  class space    used 10142K, committed 10560K, reserved 1048576K
}

