# JRE version: Java(TM) SE Runtime Environment (21.0+35) (build 21+35-LTS-2513)
# Java VM: Java HotSpot(TM) 64-Bit Server VM (21+35-LTS-2513, mixed mode, sharing, tiered, compressed oops, compressed class ptrs, g1 gc, windows-amd64)
GC Precious Log:
 CardTable entry size: 512
 Card Set container configuration: InlinePtr #cards 5 size 8 Array Of Cards #cards 12 size 40 Howl #buckets 4 coarsen threshold 1843 Howl Bitmap #cards 512 size 80 coarsen threshold 460 Card regions per heap region 1 cards per card region 2048
 CPUs: 4 total, 4 available
 Memory: 4007M
 Large Page Support: Disabled
 NUMA Support: Disabled
 Compressed Oops: Enabled (32-bit)
 Heap Region Size: 1M
 Heap Min Capacity: 8M
 Heap Initial Capacity: 64M
 Heap Max Capacity: 1002M
 Pre-touch: Disabled
 Parallel Workers: 4
 Concurrent Workers: 1
 Concurrent Refinement Workers: 4
 Periodic GC: Disabled
Heap:
 garbage-first heap   total 65536K, used 41889K [0x00000000c1600000, 0x0000000100000000)
  region size 1024K, 22 young (22528K), 3 survivors (3072K)
 Metaspace       used 29812K, committed 30272K, reserved 1114112K
  class space    used 3698K, committed 3904K, reserved 1048576K
GC Heap History (14 events):
Event: 1.624 GC heap before
{Heap before GC invocations=0 (full 0):
 garbage-first heap   total 65536K, used 16384K [0x00000000c1600000, 0x0000000100000000)
  region size 1024K, 13 young (13312K), 0 survivors (0K)
 Metaspace       used 2198K, committed 2368K, reserved 1114112K
  class space    used 173K, committed 256K, reserved 1048576K
}
Event: 1.722 GC heap after
{Heap after GC invocations=1 (full 0):
 garbage-first heap   total 65536K, used 9472K [0x00000000c1600000, 0x0000000100000000)
  region size 1024K, 2 young (2048K), 2 survivors (2048K)
 Metaspace       used 2198K, committed 2368K, reserved 1114112K
  class space    used 173K, committed 256K, reserved 1048576K
}
Event: 2.531 GC heap before
{Heap before GC invocations=1 (full 0):
 garbage-first heap   total 65536K, used 19712K [0x00000000c1600000, 0x0000000100000000)
  region size 1024K, 11 young (11264K), 2 survivors (2048K)
 Metaspace       used 3355K, committed 3584K, reserved 1114112K
  class space    used 321K, committed 448K, reserved 1048576K
}
Event: 2.540 GC heap after
{Heap after GC invocations=2 (full 0):
 garbage-first heap   total 65536K, used 13981K [0x00000000c1600000, 0x0000000100000000)
  region size 1024K, 2 young (2048K), 2 survivors (2048K)
 Metaspace       used 3355K, committed 3584K, reserved 1114112K
  class space    used 321K, committed 448K, reserved 1048576K
}
Event: 4.180 GC heap before
{Heap before GC invocations=2 (full 0):
 garbage-first heap   total 65536K, used 37533K [0x00000000c1600000, 0x0000000100000000)
  region size 1024K, 22 young (22528K), 2 survivors (2048K)
 Metaspace       used 6878K, committed 7104K, reserved 1114112K
  class space    used 733K, committed 832K, reserved 1048576K
}
Event: 4.188 GC heap after
{Heap after GC invocations=3 (full 0):
 garbage-first heap   total 65536K, used 14638K [0x00000000c1600000, 0x0000000100000000)
  region size 1024K, 2 young (2048K), 2 survivors (2048K)
 Metaspace       used 6878K, committed 7104K, reserved 1114112K
  class space    used 733K, committed 832K, reserved 1048576K
}
Event: 6.450 GC heap before
{Heap before GC invocations=3 (full 0):
 garbage-first heap   total 65536K, used 45358K [0x00000000c1600000, 0x0000000100000000)
  region size 1024K, 33 young (33792K), 2 survivors (2048K)
 Metaspace       used 14769K, committed 15168K, reserved 1114112K
  class space    used 1676K, committed 1856K, reserved 1048576K
}
Event: 6.460 GC heap after
{Heap after GC invocations=4 (full 0):
 garbage-first heap   total 65536K, used 17333K [0x00000000c1600000, 0x0000000100000000)
  region size 1024K, 5 young (5120K), 5 survivors (5120K)
 Metaspace       used 14769K, committed 15168K, reserved 1114112K
  class space    used 1676K, committed 1856K, reserved 1048576K
}
Event: 12.298 GC heap before
{Heap before GC invocations=4 (full 0):
 garbage-first heap   total 65536K, used 42933K [0x00000000c1600000, 0x0000000100000000)
  region size 1024K, 31 young (31744K), 5 survivors (5120K)
 Metaspace       used 21113K, committed 21504K, reserved 1114112K
  class space    used 2579K, committed 2752K, reserved 1048576K
}
Event: 12.307 GC heap after
{Heap after GC invocations=5 (full 0):
 garbage-first heap   total 65536K, used 19096K [0x00000000c1600000, 0x0000000100000000)
  region size 1024K, 2 young (2048K), 2 survivors (2048K)
 Metaspace       used 21113K, committed 21504K, reserved 1114112K
  class space    used 2579K, committed 2752K, reserved 1048576K
}
Event: 14.585 GC heap before
{Heap before GC invocations=6 (full 0):
 garbage-first heap   total 65536K, used 49816K [0x00000000c1600000, 0x0000000100000000)
  region size 1024K, 33 young (33792K), 2 survivors (2048K)
 Metaspace       used 25423K, committed 25792K, reserved 1114112K
  class space    used 3082K, committed 3264K, reserved 1048576K
}
Event: 14.594 GC heap after
{Heap after GC invocations=7 (full 0):
 garbage-first heap   total 65536K, used 22294K [0x00000000c1600000, 0x0000000100000000)
  region size 1024K, 5 young (5120K), 5 survivors (5120K)
 Metaspace       used 25423K, committed 25792K, reserved 1114112K
  class space    used 3082K, committed 3264K, reserved 1048576K
}
Event: 16.424 GC heap before
{Heap before GC invocations=7 (full 0):
 garbage-first heap   total 65536K, used 53014K [0x00000000c1600000, 0x0000000100000000)
  region size 1024K, 35 young (35840K), 5 survivors (5120K)
 Metaspace       used 27573K, committed 27968K, reserved 1114112K
  class space    used 3355K, committed 3520K, reserved 1048576K
}
Event: 16.434 GC heap after
{Heap after GC invocations=8 (full 0):
 garbage-first heap   total 65536K, used 23457K [0x00000000c1600000, 0x0000000100000000)
  region size 1024K, 3 young (3072K), 3 survivors (3072K)
 Metaspace       used 27573K, committed 27968K, reserved 1114112K
  class space    used 3355K, committed 3520K, reserved 1048576K
}

