# JRE version: Java(TM) SE Runtime Environment (21.0+35) (build 21+35-LTS-2513)
# Java VM: Java HotSpot(TM) 64-Bit Server VM (21+35-LTS-2513, mixed mode, sharing, tiered, compressed oops, compressed class ptrs, g1 gc, windows-amd64)
GC Precious Log:
 CardTable entry size: 512
 Card Set container configuration: InlinePtr #cards 5 size 8 Array Of Cards #cards 12 size 40 Howl #buckets 4 coarsen threshold 1843 Howl Bitmap #cards 512 size 80 coarsen threshold 460 Card regions per heap region 1 cards per card region 2048
 CPUs: 4 total, 4 available
 Memory: 4007M
 Large Page Support: Disabled
 NUMA Support: Disabled
 Compressed Oops: Enabled (32-bit)
 Heap Region Size: 1M
 Heap Min Capacity: 8M
 Heap Initial Capacity: 64M
 Heap Max Capacity: 1002M
 Pre-touch: Disabled
 Parallel Workers: 4
 Concurrent Workers: 1
 Concurrent Refinement Workers: 4
 Periodic GC: Disabled
Heap:
 garbage-first heap   total 65536K, used 30348K [0x00000000c1600000, 0x0000000100000000)
  region size 1024K, 15 young (15360K), 2 survivors (2048K)
 Metaspace       used 23673K, committed 24064K, reserved 1114112K
  class space    used 2892K, committed 3072K, reserved 1048576K
GC Heap History (10 events):
Event: 2.437 GC heap before
{Heap before GC invocations=0 (full 0):
 garbage-first heap   total 65536K, used 16384K [0x00000000c1600000, 0x0000000100000000)
  region size 1024K, 13 young (13312K), 0 survivors (0K)
 Metaspace       used 2220K, committed 2368K, reserved 1114112K
  class space    used 175K, committed 256K, reserved 1048576K
}
Event: 2.452 GC heap after
{Heap after GC invocations=1 (full 0):
 garbage-first heap   total 65536K, used 9600K [0x00000000c1600000, 0x0000000100000000)
  region size 1024K, 2 young (2048K), 2 survivors (2048K)
 Metaspace       used 2220K, committed 2368K, reserved 1114112K
  class space    used 175K, committed 256K, reserved 1048576K
}
Event: 2.918 GC heap before
{Heap before GC invocations=1 (full 0):
 garbage-first heap   total 65536K, used 22912K [0x00000000c1600000, 0x0000000100000000)
  region size 1024K, 12 young (12288K), 2 survivors (2048K)
 Metaspace       used 3350K, committed 3520K, reserved 1114112K
  class space    used 323K, committed 448K, reserved 1048576K
}
Event: 2.928 GC heap after
{Heap after GC invocations=2 (full 0):
 garbage-first heap   total 65536K, used 15943K [0x00000000c1600000, 0x0000000100000000)
  region size 1024K, 2 young (2048K), 2 survivors (2048K)
 Metaspace       used 3350K, committed 3520K, reserved 1114112K
  class space    used 323K, committed 448K, reserved 1048576K
}
Event: 4.886 GC heap before
{Heap before GC invocations=2 (full 0):
 garbage-first heap   total 65536K, used 37447K [0x00000000c1600000, 0x0000000100000000)
  region size 1024K, 23 young (23552K), 2 survivors (2048K)
 Metaspace       used 7006K, committed 7168K, reserved 1114112K
  class space    used 755K, committed 832K, reserved 1048576K
}
Event: 4.895 GC heap after
{Heap after GC invocations=3 (full 0):
 garbage-first heap   total 65536K, used 14559K [0x00000000c1600000, 0x0000000100000000)
  region size 1024K, 2 young (2048K), 2 survivors (2048K)
 Metaspace       used 7006K, committed 7168K, reserved 1114112K
  class space    used 755K, committed 832K, reserved 1048576K
}
Event: 8.030 GC heap before
{Heap before GC invocations=3 (full 0):
 garbage-first heap   total 65536K, used 44255K [0x00000000c1600000, 0x0000000100000000)
  region size 1024K, 32 young (32768K), 2 survivors (2048K)
 Metaspace       used 15027K, committed 15424K, reserved 1114112K
  class space    used 1703K, committed 1920K, reserved 1048576K
}
Event: 8.040 GC heap after
{Heap after GC invocations=4 (full 0):
 garbage-first heap   total 65536K, used 17156K [0x00000000c1600000, 0x0000000100000000)
  region size 1024K, 4 young (4096K), 4 survivors (4096K)
 Metaspace       used 15027K, committed 15424K, reserved 1114112K
  class space    used 1703K, committed 1920K, reserved 1048576K
}
Event: 14.393 GC heap before
{Heap before GC invocations=4 (full 0):
 garbage-first heap   total 65536K, used 40708K [0x00000000c1600000, 0x0000000100000000)
  region size 1024K, 29 young (29696K), 4 survivors (4096K)
 Metaspace       used 21112K, committed 21504K, reserved 1114112K
  class space    used 2577K, committed 2752K, reserved 1048576K
}
Event: 14.404 GC heap after
{Heap after GC invocations=5 (full 0):
 garbage-first heap   total 65536K, used 19084K [0x00000000c1600000, 0x0000000100000000)
  region size 1024K, 2 young (2048K), 2 survivors (2048K)
 Metaspace       used 21112K, committed 21504K, reserved 1114112K
  class space    used 2577K, committed 2752K, reserved 1048576K
}

