# JRE version: Java(TM) SE Runtime Environment (21.0+35) (build 21+35-LTS-2513)
# Java VM: Java HotSpot(TM) 64-Bit Server VM (21+35-LTS-2513, mixed mode, sharing, tiered, compressed oops, compressed class ptrs, g1 gc, windows-amd64)
GC Precious Log:
 CardTable entry size: 512
 Card Set container configuration: InlinePtr #cards 5 size 8 Array Of Cards #cards 12 size 40 Howl #buckets 4 coarsen threshold 1843 Howl Bitmap #cards 512 size 80 coarsen threshold 460 Card regions per heap region 1 cards per card region 2048
 CPUs: 4 total, 4 available
 Memory: 4007M
 Large Page Support: Disabled
 NUMA Support: Disabled
 Compressed Oops: Enabled (32-bit)
 Heap Region Size: 1M
 Heap Min Capacity: 8M
 Heap Initial Capacity: 64M
 Heap Max Capacity: 1002M
 Pre-touch: Disabled
 Parallel Workers: 4
 Concurrent Workers: 1
 Concurrent Refinement Workers: 4
 Periodic GC: Disabled
Heap:
 garbage-first heap   total 65536K, used 30952K [0x00000000c1600000, 0x0000000100000000)
  region size 1024K, 13 young (13312K), 5 survivors (5120K)
 Metaspace       used 28167K, committed 28608K, reserved 1114112K
  class space    used 3446K, committed 3648K, reserved 1048576K
GC Heap History (14 events):
Event: 2.145 GC heap before
{Heap before GC invocations=0 (full 0):
 garbage-first heap   total 65536K, used 16384K [0x00000000c1600000, 0x0000000100000000)
  region size 1024K, 13 young (13312K), 0 survivors (0K)
 Metaspace       used 2257K, committed 2432K, reserved 1114112K
  class space    used 179K, committed 256K, reserved 1048576K
}
Event: 2.206 GC heap after
{Heap after GC invocations=1 (full 0):
 garbage-first heap   total 65536K, used 9344K [0x00000000c1600000, 0x0000000100000000)
  region size 1024K, 2 young (2048K), 2 survivors (2048K)
 Metaspace       used 2257K, committed 2432K, reserved 1114112K
  class space    used 179K, committed 256K, reserved 1048576K
}
Event: 3.098 GC heap before
{Heap before GC invocations=1 (full 0):
 garbage-first heap   total 65536K, used 23680K [0x00000000c1600000, 0x0000000100000000)
  region size 1024K, 12 young (12288K), 2 survivors (2048K)
 Metaspace       used 3383K, committed 3584K, reserved 1114112K
  class space    used 324K, committed 448K, reserved 1048576K
}
Event: 3.108 GC heap after
{Heap after GC invocations=2 (full 0):
 garbage-first heap   total 65536K, used 15879K [0x00000000c1600000, 0x0000000100000000)
  region size 1024K, 2 young (2048K), 2 survivors (2048K)
 Metaspace       used 3383K, committed 3584K, reserved 1114112K
  class space    used 324K, committed 448K, reserved 1048576K
}
Event: 4.704 GC heap before
{Heap before GC invocations=2 (full 0):
 garbage-first heap   total 65536K, used 37383K [0x00000000c1600000, 0x0000000100000000)
  region size 1024K, 23 young (23552K), 2 survivors (2048K)
 Metaspace       used 7004K, committed 7168K, reserved 1114112K
  class space    used 753K, committed 832K, reserved 1048576K
}
Event: 4.711 GC heap after
{Heap after GC invocations=3 (full 0):
 garbage-first heap   total 65536K, used 15644K [0x00000000c1600000, 0x0000000100000000)
  region size 1024K, 2 young (2048K), 2 survivors (2048K)
 Metaspace       used 7004K, committed 7168K, reserved 1114112K
  class space    used 753K, committed 832K, reserved 1048576K
}
Event: 7.148 GC heap before
{Heap before GC invocations=3 (full 0):
 garbage-first heap   total 65536K, used 43292K [0x00000000c1600000, 0x0000000100000000)
  region size 1024K, 30 young (30720K), 2 survivors (2048K)
 Metaspace       used 14590K, committed 14976K, reserved 1114112K
  class space    used 1655K, committed 1856K, reserved 1048576K
}
Event: 7.155 GC heap after
{Heap after GC invocations=4 (full 0):
 garbage-first heap   total 65536K, used 18268K [0x00000000c1600000, 0x0000000100000000)
  region size 1024K, 4 young (4096K), 4 survivors (4096K)
 Metaspace       used 14590K, committed 14976K, reserved 1114112K
  class space    used 1655K, committed 1856K, reserved 1048576K
}
Event: 20.437 GC heap before
{Heap before GC invocations=4 (full 0):
 garbage-first heap   total 65536K, used 43868K [0x00000000c1600000, 0x0000000100000000)
  region size 1024K, 31 young (31744K), 4 survivors (4096K)
 Metaspace       used 21111K, committed 21504K, reserved 1114112K
  class space    used 2578K, committed 2752K, reserved 1048576K
}
Event: 20.447 GC heap after
{Heap after GC invocations=5 (full 0):
 garbage-first heap   total 65536K, used 20480K [0x00000000c1600000, 0x0000000100000000)
  region size 1024K, 2 young (2048K), 2 survivors (2048K)
 Metaspace       used 21111K, committed 21504K, reserved 1114112K
  class space    used 2578K, committed 2752K, reserved 1048576K
}
Event: 22.434 GC heap before
{Heap before GC invocations=6 (full 0):
 garbage-first heap   total 65536K, used 50176K [0x00000000c1600000, 0x0000000100000000)
  region size 1024K, 32 young (32768K), 2 survivors (2048K)
 Metaspace       used 25383K, committed 25792K, reserved 1114112K
  class space    used 3080K, committed 3264K, reserved 1048576K
}
Event: 22.441 GC heap after
{Heap after GC invocations=7 (full 0):
 garbage-first heap   total 65536K, used 22283K [0x00000000c1600000, 0x0000000100000000)
  region size 1024K, 4 young (4096K), 4 survivors (4096K)
 Metaspace       used 25383K, committed 25792K, reserved 1114112K
  class space    used 3080K, committed 3264K, reserved 1048576K
}
Event: 23.912 GC heap before
{Heap before GC invocations=7 (full 0):
 garbage-first heap   total 65536K, used 51979K [0x00000000c1600000, 0x0000000100000000)
  region size 1024K, 33 young (33792K), 4 survivors (4096K)
 Metaspace       used 27331K, committed 27776K, reserved 1114112K
  class space    used 3326K, committed 3520K, reserved 1048576K
}
Event: 23.922 GC heap after
{Heap after GC invocations=8 (full 0):
 garbage-first heap   total 65536K, used 23784K [0x00000000c1600000, 0x0000000100000000)
  region size 1024K, 5 young (5120K), 5 survivors (5120K)
 Metaspace       used 27331K, committed 27776K, reserved 1114112K
  class space    used 3326K, committed 3520K, reserved 1048576K
}

