# JRE version: Java(TM) SE Runtime Environment (21.0+35) (build 21+35-LTS-2513)
# Java VM: Java HotSpot(TM) 64-Bit Server VM (21+35-LTS-2513, mixed mode, sharing, tiered, compressed oops, compressed class ptrs, g1 gc, windows-amd64)
GC Precious Log:
 CardTable entry size: 512
 Card Set container configuration: InlinePtr #cards 5 size 8 Array Of Cards #cards 12 size 40 Howl #buckets 4 coarsen threshold 1843 Howl Bitmap #cards 512 size 80 coarsen threshold 460 Card regions per heap region 1 cards per card region 2048
 CPUs: 4 total, 4 available
 Memory: 4007M
 Large Page Support: Disabled
 NUMA Support: Disabled
 Compressed Oops: Enabled (32-bit)
 Heap Region Size: 1M
 Heap Min Capacity: 8M
 Heap Initial Capacity: 64M
 Heap Max Capacity: 1002M
 Pre-touch: Disabled
 Parallel Workers: 4
 Concurrent Workers: 1
 Concurrent Refinement Workers: 4
 Periodic GC: Disabled
Heap:
 garbage-first heap   total 89088K, used 77263K [0x00000000c1600000, 0x0000000100000000)
  region size 1024K, 37 young (37888K), 2 survivors (2048K)
 Metaspace       used 87539K, committed 88448K, reserved 1179648K
  class space    used 11593K, committed 12160K, reserved 1048576K
GC Heap History (20 events):
Event: 18928.098 GC heap before
{Heap before GC invocations=119 (full 0):
 garbage-first heap   total 89088K, used 80653K [0x00000000c1600000, 0x0000000100000000)
  region size 1024K, 39 young (39936K), 2 survivors (2048K)
 Metaspace       used 87178K, committed 88128K, reserved 1179648K
  class space    used 11584K, committed 12160K, reserved 1048576K
}
Event: 18928.397 GC heap after
{Heap after GC invocations=120 (full 0):
 garbage-first heap   total 89088K, used 42636K [0x00000000c1600000, 0x0000000100000000)
  region size 1024K, 2 young (2048K), 2 survivors (2048K)
 Metaspace       used 87178K, committed 88128K, reserved 1179648K
  class space    used 11584K, committed 12160K, reserved 1048576K
}
Event: 18938.081 GC heap before
{Heap before GC invocations=121 (full 0):
 garbage-first heap   total 89088K, used 44684K [0x00000000c1600000, 0x0000000100000000)
  region size 1024K, 4 young (4096K), 2 survivors (2048K)
 Metaspace       used 87171K, committed 88128K, reserved 1179648K
  class space    used 11582K, committed 12160K, reserved 1048576K
}
Event: 18938.099 GC heap after
{Heap after GC invocations=122 (full 0):
 garbage-first heap   total 89088K, used 42685K [0x00000000c1600000, 0x0000000100000000)
  region size 1024K, 1 young (1024K), 1 survivors (1024K)
 Metaspace       used 87171K, committed 88128K, reserved 1179648K
  class space    used 11582K, committed 12160K, reserved 1048576K
}
Event: 19074.740 GC heap before
{Heap before GC invocations=122 (full 0):
 garbage-first heap   total 89088K, used 81597K [0x00000000c1600000, 0x0000000100000000)
  region size 1024K, 39 young (39936K), 1 survivors (1024K)
 Metaspace       used 87209K, committed 88192K, reserved 1179648K
  class space    used 11583K, committed 12160K, reserved 1048576K
}
Event: 19074.868 GC heap after
{Heap after GC invocations=123 (full 0):
 garbage-first heap   total 89088K, used 42527K [0x00000000c1600000, 0x0000000100000000)
  region size 1024K, 1 young (1024K), 1 survivors (1024K)
 Metaspace       used 87209K, committed 88192K, reserved 1179648K
  class space    used 11583K, committed 12160K, reserved 1048576K
}
Event: 19211.744 GC heap before
{Heap before GC invocations=123 (full 0):
 garbage-first heap   total 89088K, used 82463K [0x00000000c1600000, 0x0000000100000000)
  region size 1024K, 40 young (40960K), 1 survivors (1024K)
 Metaspace       used 87223K, committed 88192K, reserved 1179648K
  class space    used 11583K, committed 12160K, reserved 1048576K
}
Event: 19211.804 GC heap after
{Heap after GC invocations=124 (full 0):
 garbage-first heap   total 89088K, used 42583K [0x00000000c1600000, 0x0000000100000000)
  region size 1024K, 1 young (1024K), 1 survivors (1024K)
 Metaspace       used 87223K, committed 88192K, reserved 1179648K
  class space    used 11583K, committed 12160K, reserved 1048576K
}
Event: 19347.853 GC heap before
{Heap before GC invocations=125 (full 0):
 garbage-first heap   total 89088K, used 82519K [0x00000000c1600000, 0x0000000100000000)
  region size 1024K, 40 young (40960K), 1 survivors (1024K)
 Metaspace       used 87316K, committed 88256K, reserved 1179648K
  class space    used 11582K, committed 12160K, reserved 1048576K
}
Event: 19347.948 GC heap after
{Heap after GC invocations=126 (full 0):
 garbage-first heap   total 89088K, used 42476K [0x00000000c1600000, 0x0000000100000000)
  region size 1024K, 1 young (1024K), 1 survivors (1024K)
 Metaspace       used 87316K, committed 88256K, reserved 1179648K
  class space    used 11582K, committed 12160K, reserved 1048576K
}
Event: 19498.191 GC heap before
{Heap before GC invocations=126 (full 0):
 garbage-first heap   total 89088K, used 82412K [0x00000000c1600000, 0x0000000100000000)
  region size 1024K, 40 young (40960K), 1 survivors (1024K)
 Metaspace       used 87440K, committed 88384K, reserved 1179648K
  class space    used 11582K, committed 12160K, reserved 1048576K
}
Event: 19498.369 GC heap after
{Heap after GC invocations=127 (full 0):
 garbage-first heap   total 89088K, used 42227K [0x00000000c1600000, 0x0000000100000000)
  region size 1024K, 1 young (1024K), 1 survivors (1024K)
 Metaspace       used 87440K, committed 88384K, reserved 1179648K
  class space    used 11582K, committed 12160K, reserved 1048576K
}
Event: 19632.897 GC heap before
{Heap before GC invocations=127 (full 0):
 garbage-first heap   total 89088K, used 82163K [0x00000000c1600000, 0x0000000100000000)
  region size 1024K, 40 young (40960K), 1 survivors (1024K)
 Metaspace       used 87465K, committed 88448K, reserved 1179648K
  class space    used 11583K, committed 12160K, reserved 1048576K
}
Event: 19632.992 GC heap after
{Heap after GC invocations=128 (full 0):
 garbage-first heap   total 89088K, used 42308K [0x00000000c1600000, 0x0000000100000000)
  region size 1024K, 1 young (1024K), 1 survivors (1024K)
 Metaspace       used 87465K, committed 88448K, reserved 1179648K
  class space    used 11583K, committed 12160K, reserved 1048576K
}
Event: 19765.193 GC heap before
{Heap before GC invocations=129 (full 0):
 garbage-first heap   total 89088K, used 82244K [0x00000000c1600000, 0x0000000100000000)
  region size 1024K, 40 young (40960K), 1 survivors (1024K)
 Metaspace       used 87473K, committed 88448K, reserved 1179648K
  class space    used 11583K, committed 12160K, reserved 1048576K
}
Event: 19765.281 GC heap after
{Heap after GC invocations=130 (full 0):
 garbage-first heap   total 89088K, used 42456K [0x00000000c1600000, 0x0000000100000000)
  region size 1024K, 1 young (1024K), 1 survivors (1024K)
 Metaspace       used 87473K, committed 88448K, reserved 1179648K
  class space    used 11583K, committed 12160K, reserved 1048576K
}
Event: 19942.763 GC heap before
{Heap before GC invocations=130 (full 0):
 garbage-first heap   total 89088K, used 82392K [0x00000000c1600000, 0x0000000100000000)
  region size 1024K, 40 young (40960K), 1 survivors (1024K)
 Metaspace       used 87482K, committed 88448K, reserved 1179648K
  class space    used 11583K, committed 12160K, reserved 1048576K
}
Event: 19942.891 GC heap after
{Heap after GC invocations=131 (full 0):
 garbage-first heap   total 89088K, used 42593K [0x00000000c1600000, 0x0000000100000000)
  region size 1024K, 2 young (2048K), 2 survivors (2048K)
 Metaspace       used 87482K, committed 88448K, reserved 1179648K
  class space    used 11583K, committed 12160K, reserved 1048576K
}
Event: 20090.886 GC heap before
{Heap before GC invocations=131 (full 0):
 garbage-first heap   total 89088K, used 80481K [0x00000000c1600000, 0x0000000100000000)
  region size 1024K, 39 young (39936K), 2 survivors (2048K)
 Metaspace       used 87530K, committed 88448K, reserved 1179648K
  class space    used 11593K, committed 12160K, reserved 1048576K
}
Event: 20091.652 GC heap after
{Heap after GC invocations=132 (full 0):
 garbage-first heap   total 89088K, used 42447K [0x00000000c1600000, 0x0000000100000000)
  region size 1024K, 2 young (2048K), 2 survivors (2048K)
 Metaspace       used 87530K, committed 88448K, reserved 1179648K
  class space    used 11593K, committed 12160K, reserved 1048576K
}

